<?xml version="1.0" encoding="UTF-8"?>
<!-- Generated by org.testng.reporters.JUnitReportReporter -->
<testsuite skipped="0" hostname="TECH-LP-552" name="com.orangehrm.testcases.Login" tests="1" failures="0" timestamp="2020-05-05T10:25:24 IST" time="31.197" errors="0">
  <testcase name="loginTest" time="31.197" classname="com.orangehrm.testcases.Login"/>
  <system-out/>
</testsuite> <!-- com.orangehrm.testcases.Login -->
